<?xml version="1.0" encoding="UTF-8" ?>
<testsuite failures="0" time="6.142" errors="0" skipped="0" tests="3" name="se.skltp.components.muleprobe.probeservice.ProbeServiceIntegrationTest">
  <properties>
    <property name="java.runtime.name" value="Java(TM) SE Runtime Environment"/>
    <property name="sun.boot.library.path" value="/Library/Java/JavaVirtualMachines/jdk1.7.0_45.jdk/Contents/Home/jre/lib"/>
    <property name="java.vm.version" value="24.45-b08"/>
    <property name="user.country.format" value="SE"/>
    <property name="gopherProxySet" value="false"/>
    <property name="java.vm.vendor" value="Oracle Corporation"/>
    <property name="java.vendor.url" value="http://java.oracle.com/"/>
    <property name="path.separator" value=":"/>
    <property name="java.vm.name" value="Java HotSpot(TM) 64-Bit Server VM"/>
    <property name="file.encoding.pkg" value="sun.io"/>
    <property name="user.country" value="US"/>
    <property name="sun.java.launcher" value="SUN_STANDARD"/>
    <property name="sun.os.patch.level" value="unknown"/>
    <property name="java.vm.specification.name" value="Java Virtual Machine Specification"/>
    <property name="user.dir" value="/Users/hansthunberg/git-views/skltp-probe/mule-probe"/>
    <property name="java.runtime.version" value="1.7.0_45-b18"/>
    <property name="java.awt.graphicsenv" value="sun.awt.CGraphicsEnvironment"/>
    <property name="basedir" value="/Users/hansthunberg/git-views/skltp-probe/mule-probe"/>
    <property name="java.endorsed.dirs" value="/Library/Java/JavaVirtualMachines/jdk1.7.0_45.jdk/Contents/Home/jre/lib/endorsed"/>
    <property name="os.arch" value="x86_64"/>
    <property name="surefire.real.class.path" value="/var/folders/86/_xr6sshn1hdb0nh58r1vw4g00000gn/T/surefirebooter382383493922941916.jar"/>
    <property name="spring.profiles.active" value="soitoolkit-integrationtests"/>
    <property name="java.io.tmpdir" value="/var/folders/86/_xr6sshn1hdb0nh58r1vw4g00000gn/T/"/>
    <property name="line.separator" value="
"/>
    <property name="java.vm.specification.vendor" value="Oracle Corporation"/>
    <property name="os.name" value="Mac OS X"/>
    <property name="sun.jnu.encoding" value="UTF-8"/>
    <property name="java.library.path" value="/Users/hansthunberg/Library/Java/Extensions:/Library/Java/Extensions:/Network/Library/Java/Extensions:/System/Library/Java/Extensions:/usr/lib/java:."/>
    <property name="surefire.test.class.path" value="/Users/hansthunberg/git-views/skltp-probe/mule-probe/target/test-classes:/Users/hansthunberg/git-views/skltp-probe/mule-probe/target/classes:/Users/hansthunberg/.m2/repository/org/soitoolkit/commons/components/soitoolkit-commons-mule/0.6.1/soitoolkit-commons-mule-0.6.1.jar:/Users/hansthunberg/.m2/repository/org/soitoolkit/commons/components/soitoolkit-commons-xml/0.6.1/soitoolkit-commons-xml-0.6.1.jar:/Users/hansthunberg/.m2/repository/org/soitoolkit/commons/components/soitoolkit-commons-schemas/0.6.1/soitoolkit-commons-schemas-0.6.1.jar:/Users/hansthunberg/.m2/repository/org/slf4j/slf4j-api/1.6.1/slf4j-api-1.6.1.jar:/Users/hansthunberg/.m2/repository/org/slf4j/slf4j-log4j12/1.6.1/slf4j-log4j12-1.6.1.jar:/Users/hansthunberg/.m2/repository/log4j/log4j/1.2.16/log4j-1.2.16.jar:/Users/hansthunberg/.m2/repository/org/slf4j/jcl-over-slf4j/1.6.1/jcl-over-slf4j-1.6.1.jar:/Users/hansthunberg/.m2/repository/junit/junit/4.10/junit-4.10.jar:/Users/hansthunberg/.m2/repository/org/hamcrest/hamcrest-core/1.1/hamcrest-core-1.1.jar:/Users/hansthunberg/.m2/repository/xmlunit/xmlunit/1.1/xmlunit-1.1.jar:/Users/hansthunberg/.m2/repository/hsqldb/hsqldb/1.8.0.7/hsqldb-1.8.0.7.jar:/Users/hansthunberg/.m2/repository/org/apache/derby/derbyclient/10.6.2.1/derbyclient-10.6.2.1.jar:/Users/hansthunberg/.m2/repository/org/apache/derby/derby/10.6.2.1/derby-10.6.2.1.jar:/Users/hansthunberg/.m2/repository/org/apache/derby/derbytools/10.6.2.1/derbytools-10.6.2.1.jar:/Users/hansthunberg/.m2/repository/org/mockftpserver/MockFtpServer/2.2/MockFtpServer-2.2.jar:/Users/hansthunberg/.m2/repository/org/apache/sshd/sshd-core/0.6.0/sshd-core-0.6.0.jar:/Users/hansthunberg/.m2/repository/org/apache/mina/mina-core/2.0.2/mina-core-2.0.2.jar:/Users/hansthunberg/.m2/repository/org/jasypt/jasypt/1.8/jasypt-1.8.jar:/Users/hansthunberg/.m2/repository/xerces/xercesImpl/2.9.1/xercesImpl-2.9.1.jar:/Users/hansthunberg/.m2/repository/org/safehaus/jug/jug.osgi/2.0.0/jug.osgi-2.0.0.jar:/Users/hansthunberg/.m2/repository/org/mule/mule-core/3.3.1/mule-core-3.3.1.jar:/Users/hansthunberg/.m2/repository/commons-beanutils/commons-beanutils/1.8.0/commons-beanutils-1.8.0.jar:/Users/hansthunberg/.m2/repository/commons-cli/commons-cli/1.2/commons-cli-1.2.jar:/Users/hansthunberg/.m2/repository/commons-collections/commons-collections/3.2.1/commons-collections-3.2.1.jar:/Users/hansthunberg/.m2/repository/commons-io/commons-io/1.4/commons-io-1.4.jar:/Users/hansthunberg/.m2/repository/commons-lang/commons-lang/2.4/commons-lang-2.4.jar:/Users/hansthunberg/.m2/repository/commons-pool/commons-pool/1.5.3/commons-pool-1.5.3.jar:/Users/hansthunberg/.m2/repository/javax/activation/activation/1.1-osgi/activation-1.1-osgi.jar:/Users/hansthunberg/.m2/repository/org/apache/geronimo/specs/geronimo-jta_1.1_spec/1.1.1/geronimo-jta_1.1_spec-1.1.1.jar:/Users/hansthunberg/.m2/repository/org/apache/geronimo/specs/geronimo-j2ee-connector_1.5_spec/1.1-osgi/geronimo-j2ee-connector_1.5_spec-1.1-osgi.jar:/Users/hansthunberg/.m2/repository/javax/annotation/jsr250-api/1.0/jsr250-api-1.0.jar:/Users/hansthunberg/.m2/repository/asm/asm/3.1/asm-3.1.jar:/Users/hansthunberg/.m2/repository/asm/asm-commons/3.1/asm-commons-3.1.jar:/Users/hansthunberg/.m2/repository/asm/asm-tree/3.1/asm-tree-3.1.jar:/Users/hansthunberg/.m2/repository/org/mvel/mvel2/2.0.19/mvel2-2.0.19.jar:/Users/hansthunberg/.m2/repository/org/jgrapht/jgrapht-jdk1.5/0.7.3/jgrapht-jdk1.5-0.7.3.jar:/Users/hansthunberg/.m2/repository/org/mule/modules/mule-module-spring-config/3.3.1/mule-module-spring-config-3.3.1.jar:/Users/hansthunberg/.m2/repository/org/mule/modules/mule-module-annotations/3.3.1/mule-module-annotations-3.3.1.jar:/Users/hansthunberg/.m2/repository/cglib/cglib-nodep/2.2/cglib-nodep-2.2.jar:/Users/hansthunberg/.m2/repository/org/springframework/spring-context/3.1.1.RELEASE/spring-context-3.1.1.RELEASE.jar:/Users/hansthunberg/.m2/repository/org/springframework/spring-expression/3.1.1.RELEASE/spring-expression-3.1.1.RELEASE.jar:/Users/hansthunberg/.m2/repository/org/springframework/spring-asm/3.1.1.RELEASE/spring-asm-3.1.1.RELEASE.jar:/Users/hansthunberg/.m2/repository/dom4j/dom4j/1.6.1-osgi/dom4j-1.6.1-osgi.jar:/Users/hansthunberg/.m2/repository/jaxen/jaxen/1.1.1/jaxen-1.1.1.jar:/Users/hansthunberg/.m2/repository/jdom/jdom/1.0/jdom-1.0.jar:/Users/hansthunberg/.m2/repository/org/mule/modules/mule-module-jbossts/3.3.1/mule-module-jbossts-3.3.1.jar:/Users/hansthunberg/.m2/repository/org/jboss/jbossts/jbossjta/4.15.0.Final/jbossjta-4.15.0.Final.jar:/Users/hansthunberg/.m2/repository/org/jboss/logging/jboss-logging/3.0.0.Beta5/jboss-logging-3.0.0.Beta5.jar:/Users/hansthunberg/.m2/repository/org/mule/modules/mule-module-scripting/3.3.1/mule-module-scripting-3.3.1.jar:/Users/hansthunberg/.m2/repository/org/springframework/spring-aop/3.1.1.RELEASE/spring-aop-3.1.1.RELEASE.jar:/Users/hansthunberg/.m2/repository/aopalliance/aopalliance/1.0/aopalliance-1.0.jar:/Users/hansthunberg/.m2/repository/org/mule/modules/mule-module-builders/3.3.1/mule-module-builders-3.3.1.jar:/Users/hansthunberg/.m2/repository/org/springframework/spring-web/3.1.1.RELEASE/spring-web-3.1.1.RELEASE.jar:/Users/hansthunberg/.m2/repository/org/livetribe/livetribe-jsr223/2.0.5/livetribe-jsr223-2.0.5.jar:/Users/hansthunberg/.m2/repository/org/codehaus/groovy/groovy-all/1.8.6/groovy-all-1.8.6.jar:/Users/hansthunberg/.m2/repository/org/mule/modules/mule-module-xml/3.3.1/mule-module-xml-3.3.1.jar:/Users/hansthunberg/.m2/repository/org/apache/geronimo/specs/geronimo-stax-api_1.0_spec/1.0.1/geronimo-stax-api_1.0_spec-1.0.1.jar:/Users/hansthunberg/.m2/repository/commons-jxpath/commons-jxpath/1.3-osgi/commons-jxpath-1.3-osgi.jar:/Users/hansthunberg/.m2/repository/com/thoughtworks/xstream/xstream/1.4.2/xstream-1.4.2.jar:/Users/hansthunberg/.m2/repository/xmlpull/xmlpull/1.1.3.1/xmlpull-1.1.3.1.jar:/Users/hansthunberg/.m2/repository/joda-time/joda-time/1.6/joda-time-1.6.jar:/Users/hansthunberg/.m2/repository/xpp3/xpp3_min/1.1.3.4.O-osgi/xpp3_min-1.1.3.4.O-osgi.jar:/Users/hansthunberg/.m2/repository/org/codehaus/woodstox/woodstox-core-asl/4.0.8/woodstox-core-asl-4.0.8.jar:/Users/hansthunberg/.m2/repository/net/java/dev/stax-utils/stax-utils/20080702-osgi/stax-utils-20080702-osgi.jar:/Users/hansthunberg/.m2/repository/net/sf/saxon/saxon/8.9.0.4-osgi/saxon-8.9.0.4-osgi.jar:/Users/hansthunberg/.m2/repository/net/sf/saxon/saxon-dom/8.9.0.4-osgi/saxon-dom-8.9.0.4-osgi.jar:/Users/hansthunberg/.m2/repository/net/sf/saxon/saxon-xqj/8.9.0.4/saxon-xqj-8.9.0.4.jar:/Users/hansthunberg/.m2/repository/javax/xml/bind/jaxb-api/2.1/jaxb-api-2.1.jar:/Users/hansthunberg/.m2/repository/com/sun/xml/bind/jaxb-impl/2.1.5/jaxb-impl-2.1.5.jar:/Users/hansthunberg/.m2/repository/org/mule/modules/mule-module-client/3.3.1/mule-module-client-3.3.1.jar:/Users/hansthunberg/.m2/repository/org/mule/modules/mule-module-launcher/3.3.1/mule-module-launcher-3.3.1.jar:/Users/hansthunberg/.m2/repository/org/mule/modules/mule-module-reboot/3.3.1/mule-module-reboot-3.3.1.jar:/Users/hansthunberg/.m2/repository/tanukisoft/wrapper/3.2.3/wrapper-3.2.3.jar:/Users/hansthunberg/.m2/repository/org/mule/tests/mule-tests-functional/3.3.1/mule-tests-functional-3.3.1.jar:/Users/hansthunberg/.m2/repository/org/springframework/spring-beans/3.1.1.RELEASE/spring-beans-3.1.1.RELEASE.jar:/Users/hansthunberg/.m2/repository/org/mule/mule-core/3.3.1/mule-core-3.3.1-tests.jar:/Users/hansthunberg/.m2/repository/org/safehaus/jug/jug/2.0.0/jug-2.0.0-asl.jar:/Users/hansthunberg/.m2/repository/org/mule/modules/mule-module-json/3.3.1/mule-module-json-3.3.1.jar:/Users/hansthunberg/.m2/repository/org/codehaus/jackson/jackson-core-asl/1.8.0/jackson-core-asl-1.8.0.jar:/Users/hansthunberg/.m2/repository/org/codehaus/jackson/jackson-mapper-asl/1.8.0/jackson-mapper-asl-1.8.0.jar:/Users/hansthunberg/.m2/repository/de/odysseus/staxon/staxon/0.7.0/staxon-0.7.0.jar:/Users/hansthunberg/.m2/repository/org/codehaus/woodstox/stax2-api/3.0.2/stax2-api-3.0.2.jar:/Users/hansthunberg/.m2/repository/javax/xml/stream/stax-api/1.0-2/stax-api-1.0-2.jar:/Users/hansthunberg/.m2/repository/org/mule/modules/mule-module-rest-router/1.2/mule-module-rest-router-1.2.jar:/Users/hansthunberg/.m2/repository/org/mule/tools/devkit/mule-devkit-annotations/3.3.1/mule-devkit-annotations-3.3.1.jar:/Users/hansthunberg/.m2/repository/javax/inject/javax.inject/1/javax.inject-1.jar:/Users/hansthunberg/.m2/repository/javax/validation/validation-api/1.0.0.GA/validation-api-1.0.0.GA.jar:/Users/hansthunberg/.m2/repository/org/mule/transports/mule-transport-vm/3.3.1/mule-transport-vm-3.3.1.jar:/Users/hansthunberg/.m2/repository/org/mule/transports/mule-transport-file/3.3.1/mule-transport-file-3.3.1.jar:/Users/hansthunberg/.m2/repository/org/mule/transports/mule-transport-ftp/3.3.1/mule-transport-ftp-3.3.1.jar:/Users/hansthunberg/.m2/repository/commons-net/commons-net/2.0/commons-net-2.0.jar:/Users/hansthunberg/.m2/repository/oro/oro/2.0.8-osgi/oro-2.0.8-osgi.jar:/Users/hansthunberg/.m2/repository/org/mule/transports/mule-transport-http/3.3.1/mule-transport-http-3.3.1.jar:/Users/hansthunberg/.m2/repository/org/mule/transports/mule-transport-ssl/3.3.1/mule-transport-ssl-3.3.1.jar:/Users/hansthunberg/.m2/repository/commons-codec/commons-codec/1.3-osgi/commons-codec-1.3-osgi.jar:/Users/hansthunberg/.m2/repository/commons-httpclient/commons-httpclient/3.1-osgi/commons-httpclient-3.1-osgi.jar:/Users/hansthunberg/.m2/repository/tomcat/tomcat-util/5.5.23/tomcat-util-5.5.23.jar:/Users/hansthunberg/.m2/repository/tomcat/tomcat-apr/5.5.23/tomcat-apr-5.5.23.jar:/Users/hansthunberg/.m2/repository/org/samba/jcifs/jcifs/1.3.3/jcifs-1.3.3.jar:/Users/hansthunberg/.m2/repository/org/mule/transports/mule-transport-servlet/3.3.1/mule-transport-servlet-3.3.1.jar:/Users/hansthunberg/.m2/repository/org/mule/modules/mule-module-cxf/3.3.1/mule-module-cxf-3.3.1.jar:/Users/hansthunberg/.m2/repository/org/apache/cxf/cxf-rt-core/2.5.1/cxf-rt-core-2.5.1.jar:/Users/hansthunberg/.m2/repository/org/apache/cxf/cxf-api/2.5.1/cxf-api-2.5.1.jar:/Users/hansthunberg/.m2/repository/org/apache/neethi/neethi/3.0.1/neethi-3.0.1.jar:/Users/hansthunberg/.m2/repository/wsdl4j/wsdl4j/1.6.2/wsdl4j-1.6.2.jar:/Users/hansthunberg/.m2/repository/org/apache/ws/xmlschema/xmlschema-core/2.0.1/xmlschema-core-2.0.1.jar:/Users/hansthunberg/.m2/repository/org/apache/cxf/cxf-rt-frontend-simple/2.5.1/cxf-rt-frontend-simple-2.5.1.jar:/Users/hansthunberg/.m2/repository/org/apache/cxf/cxf-rt-bindings-soap/2.5.1/cxf-rt-bindings-soap-2.5.1.jar:/Users/hansthunberg/.m2/repository/org/apache/cxf/cxf-rt-frontend-jaxws/2.5.1/cxf-rt-frontend-jaxws-2.5.1.jar:/Users/hansthunberg/.m2/repository/xml-resolver/xml-resolver/1.2/xml-resolver-1.2.jar:/Users/hansthunberg/.m2/repository/org/apache/cxf/cxf-rt-bindings-xml/2.5.1/cxf-rt-bindings-xml-2.5.1.jar:/Users/hansthunberg/.m2/repository/org/apache/cxf/cxf-rt-databinding-aegis/2.5.1/cxf-rt-databinding-aegis-2.5.1.jar:/Users/hansthunberg/.m2/repository/org/apache/cxf/cxf-rt-databinding-jaxb/2.5.1/cxf-rt-databinding-jaxb-2.5.1.jar:/Users/hansthunberg/.m2/repository/com/sun/xml/bind/jaxb-xjc/2.2.4-1/jaxb-xjc-2.2.4-1.jar:/Users/hansthunberg/.m2/repository/org/apache/cxf/cxf-rt-databinding-jibx/2.5.1/cxf-rt-databinding-jibx-2.5.1.jar:/Users/hansthunberg/.m2/repository/org/apache/cxf/cxf-tools-common/2.5.1/cxf-tools-common-2.5.1.jar:/Users/hansthunberg/.m2/repository/org/jibx/jibx-run/1.2.3/jibx-run-1.2.3.jar:/Users/hansthunberg/.m2/repository/xpp3/xpp3/1.1.3.4.O/xpp3-1.1.3.4.O.jar:/Users/hansthunberg/.m2/repository/org/jibx/jibx-schema/1.2.3/jibx-schema-1.2.3.jar:/Users/hansthunberg/.m2/repository/org/jibx/jibx-extras/1.2.3/jibx-extras-1.2.3.jar:/Users/hansthunberg/.m2/repository/org/jdom/jdom/1.1/jdom-1.1.jar:/Users/hansthunberg/.m2/repository/org/apache/cxf/cxf-rt-transports-local/2.5.1/cxf-rt-transports-local-2.5.1.jar:/Users/hansthunberg/.m2/repository/org/apache/cxf/cxf-rt-ws-security/2.5.1/cxf-rt-ws-security-2.5.1.jar:/Users/hansthunberg/.m2/repository/org/apache/cxf/cxf-common-utilities/2.5.1/cxf-common-utilities-2.5.1.jar:/Users/hansthunberg/.m2/repository/org/apache/ws/security/wss4j/1.6.4/wss4j-1.6.4.jar:/Users/hansthunberg/.m2/repository/org/apache/santuario/xmlsec/1.4.6/xmlsec-1.4.6.jar:/Users/hansthunberg/.m2/repository/org/opensaml/opensaml/2.5.1-1/opensaml-2.5.1-1.jar:/Users/hansthunberg/.m2/repository/org/opensaml/openws/1.4.2-1/openws-1.4.2-1.jar:/Users/hansthunberg/.m2/repository/org/opensaml/xmltooling/1.3.2-1/xmltooling-1.3.2-1.jar:/Users/hansthunberg/.m2/repository/org/apache/cxf/cxf-rt-ws-rm/2.5.1/cxf-rt-ws-rm-2.5.1.jar:/Users/hansthunberg/.m2/repository/org/apache/cxf/cxf-rt-management/2.5.1/cxf-rt-management-2.5.1.jar:/Users/hansthunberg/.m2/repository/org/apache/cxf/cxf-rt-ws-addr/2.5.1/cxf-rt-ws-addr-2.5.1.jar:/Users/hansthunberg/.m2/repository/org/apache/cxf/cxf-rt-transports-http/2.5.1/cxf-rt-transports-http-2.5.1.jar:/Users/hansthunberg/.m2/repository/org/apache/cxf/cxf-rt-transports-common/2.5.1/cxf-rt-transports-common-2.5.1.jar:/Users/hansthunberg/.m2/repository/org/apache/cxf/cxf-wstx-msv-validation/2.5.1/cxf-wstx-msv-validation-2.5.1.jar:/Users/hansthunberg/.m2/repository/net/java/dev/msv/msv-core/2011.1/msv-core-2011.1.jar:/Users/hansthunberg/.m2/repository/com/sun/msv/datatype/xsd/xsdlib/2010.1/xsdlib-2010.1.jar:/Users/hansthunberg/.m2/repository/isorelax/isorelax/20030108/isorelax-20030108.jar:/Users/hansthunberg/.m2/repository/relaxngDatatype/relaxngDatatype/20020414/relaxngDatatype-20020414.jar:/Users/hansthunberg/.m2/repository/com/sun/xml/messaging/saaj/saaj-impl/1.3-osgi/saaj-impl-1.3-osgi.jar:/Users/hansthunberg/.m2/repository/javax/xml/soap/saaj-api/1.3/saaj-api-1.3.jar:/Users/hansthunberg/.m2/repository/org/mule/modules/mule-module-spring-security/3.3.1/mule-module-spring-security-3.3.1.jar:/Users/hansthunberg/.m2/repository/org/mule/modules/mule-module-spring-extras/3.3.1/mule-module-spring-extras-3.3.1.jar:/Users/hansthunberg/.m2/repository/org/springframework/spring-jdbc/3.1.1.RELEASE/spring-jdbc-3.1.1.RELEASE.jar:/Users/hansthunberg/.m2/repository/org/springframework/spring-jms/3.1.1.RELEASE/spring-jms-3.1.1.RELEASE.jar:/Users/hansthunberg/.m2/repository/org/mule/modules/mule-module-management/3.3.1/mule-module-management-3.3.1.jar:/Users/hansthunberg/.m2/repository/mx4j/mx4j-jmx/2.1.1-osgi/mx4j-jmx-2.1.1-osgi.jar:/Users/hansthunberg/.m2/repository/mx4j/mx4j-impl/2.1.1-osgi/mx4j-impl-2.1.1-osgi.jar:/Users/hansthunberg/.m2/repository/mx4j/mx4j-tools/2.1.1-osgi/mx4j-tools-2.1.1-osgi.jar:/Users/hansthunberg/.m2/repository/mx4j/mx4j-remote/2.1.1-osgi/mx4j-remote-2.1.1-osgi.jar:/Users/hansthunberg/.m2/repository/com/yourkit/yjp-controller-api-redist/9.0.8/yjp-controller-api-redist-9.0.8.jar:/Users/hansthunberg/.m2/repository/org/springframework/spring-context-support/3.1.1.RELEASE/spring-context-support-3.1.1.RELEASE.jar:/Users/hansthunberg/.m2/repository/org/springframework/security/spring-security-core/3.1.0.RELEASE/spring-security-core-3.1.0.RELEASE.jar:/Users/hansthunberg/.m2/repository/org/springframework/security/spring-security-crypto/3.1.0.RELEASE/spring-security-crypto-3.1.0.RELEASE.jar:/Users/hansthunberg/.m2/repository/org/springframework/security/spring-security-config/3.1.0.RELEASE/spring-security-config-3.1.0.RELEASE.jar:/Users/hansthunberg/.m2/repository/org/springframework/security/spring-security-web/3.1.0.RELEASE/spring-security-web-3.1.0.RELEASE.jar:/Users/hansthunberg/.m2/repository/org/springframework/spring-tx/3.0.6.RELEASE/spring-tx-3.0.6.RELEASE.jar:/Users/hansthunberg/.m2/repository/org/mortbay/jetty/servlet-api/2.5-20081211/servlet-api-2.5-20081211.jar:/Users/hansthunberg/.m2/repository/org/aspectj/aspectjrt/1.5.4/aspectjrt-1.5.4.jar:/Users/hansthunberg/.m2/repository/org/mule/transports/mule-transport-tcp/3.3.1/mule-transport-tcp-3.3.1.jar:/Users/hansthunberg/.m2/repository/org/apache/geronimo/specs/geronimo-annotation_1.0_spec/1.1.1/geronimo-annotation_1.0_spec-1.1.1.jar:/Users/hansthunberg/.m2/repository/org/springframework/spring-core/3.1.1.RELEASE/spring-core-3.1.1.RELEASE.jar:/Users/hansthunberg/.m2/repository/javax/mail/mail/1.4.3/mail-1.4.3.jar:/Users/hansthunberg/.m2/repository/javax/xml/ws/jaxws-api/2.2.1/jaxws-api-2.2.1.jar:/Users/hansthunberg/.m2/repository/javax/jws/jsr181-api/1.0-MR1/jsr181-api-1.0-MR1.jar:/Users/hansthunberg/.m2/repository/org/apache/ant/ant/1.7.0/ant-1.7.0.jar:/Users/hansthunberg/.m2/repository/org/apache/ant/ant-launcher/1.7.0/ant-launcher-1.7.0.jar:/Users/hansthunberg/.m2/repository/org/mule/modules/mule-module-jersey/3.3.1/mule-module-jersey-3.3.1.jar:/Users/hansthunberg/.m2/repository/org/mule/patterns/mule-pattern-core/3.3.1/mule-pattern-core-3.3.1.jar:/Users/hansthunberg/.m2/repository/com/sun/jersey/jersey-server/1.6/jersey-server-1.6.jar:/Users/hansthunberg/.m2/repository/com/sun/jersey/jersey-core/1.6/jersey-core-1.6.jar:/Users/hansthunberg/.m2/repository/com/sun/jersey/jersey-json/1.6/jersey-json-1.6.jar:/Users/hansthunberg/.m2/repository/org/codehaus/jackson/jackson-xc/1.7.1/jackson-xc-1.7.1.jar:/Users/hansthunberg/.m2/repository/com/sun/jersey/jersey-client/1.6/jersey-client-1.6.jar:/Users/hansthunberg/.m2/repository/org/codehaus/jackson/jackson-jaxrs/1.8.0/jackson-jaxrs-1.8.0.jar:/Users/hansthunberg/.m2/repository/org/mule/transports/mule-transport-jms/3.3.1/mule-transport-jms-3.3.1.jar:/Users/hansthunberg/.m2/repository/org/apache/geronimo/specs/geronimo-jms_1.1_spec/1.1-osgi/geronimo-jms_1.1_spec-1.1-osgi.jar:/Users/hansthunberg/.m2/repository/org/apache/geronimo/specs/geronimo-j2ee-management_1.0_spec/1.1-osgi/geronimo-j2ee-management_1.0_spec-1.1-osgi.jar:/Users/hansthunberg/.m2/repository/org/mule/transports/mule-transport-email/3.3.1/mule-transport-email-3.3.1.jar:/Users/hansthunberg/.m2/repository/org/mule/transports/mule-transport-jdbc/3.3.1/mule-transport-jdbc-3.3.1.jar:/Users/hansthunberg/.m2/repository/commons-dbutils/commons-dbutils/1.2/commons-dbutils-1.2.jar:/Users/hansthunberg/.m2/repository/com/experlog/xapool/1.5.0-osgi/xapool-1.5.0-osgi.jar:/Users/hansthunberg/.m2/repository/org/mule/transports/mule-transport-quartz/3.3.1/mule-transport-quartz-3.3.1.jar:/Users/hansthunberg/.m2/repository/quartz/quartz-all/1.6.6/quartz-all-1.6.6.jar:/Users/hansthunberg/.m2/repository/org/mule/transports/mule-transport-sftp/3.3.1/mule-transport-sftp-3.3.1.jar:/Users/hansthunberg/.m2/repository/com/jcraft/jsch/0.1.44-1/jsch-0.1.44-1.jar:/Users/hansthunberg/.m2/repository/org/mortbay/jetty/servlet-api-2.5/6.1.11/servlet-api-2.5-6.1.11.jar:/Users/hansthunberg/.m2/repository/org/apache/activemq/activemq-core/5.6.0/activemq-core-5.6.0.jar:/Users/hansthunberg/.m2/repository/org/apache/activemq/kahadb/5.6.0/kahadb-5.6.0.jar:/Users/hansthunberg/.m2/repository/org/apache/activemq/protobuf/activemq-protobuf/1.1/activemq-protobuf-1.1.jar:/Users/hansthunberg/.m2/repository/org/osgi/org.osgi.core/4.1.0/org.osgi.core-4.1.0.jar:/Users/hansthunberg/.m2/repository/org/apache/geronimo/specs/geronimo-j2ee-management_1.1_spec/1.0.1/geronimo-j2ee-management_1.1_spec-1.0.1.jar:/Users/hansthunberg/.m2/repository/org/apache/xbean/xbean-spring/3.9/xbean-spring-3.9.jar:/Users/hansthunberg/.m2/repository/commons-logging/commons-logging/1.0.3/commons-logging-1.0.3.jar:/Users/hansthunberg/.m2/repository/org/hornetq/hornetq-core-client/2.2.5.Final/hornetq-core-client-2.2.5.Final.jar:/Users/hansthunberg/.m2/repository/org/hornetq/hornetq-jms/2.2.5.Final/hornetq-jms-2.2.5.Final.jar:/Users/hansthunberg/.m2/repository/org/jboss/netty/netty/3.2.3.Final/netty-3.2.3.Final.jar:/Users/hansthunberg/.m2/repository/commons-dbcp/commons-dbcp/1.4/commons-dbcp-1.4.jar:/Users/hansthunberg/.m2/repository/net/sourceforge/jtds/jtds/1.2.4/jtds-1.2.4.jar:"/>
    <property name="sun.awt.enableExtraMouseButtons" value="true"/>
    <property name="java.specification.name" value="Java Platform API Specification"/>
    <property name="java.class.version" value="51.0"/>
    <property name="sun.management.compiler" value="HotSpot 64-Bit Tiered Compilers"/>
    <property name="os.version" value="10.8.5"/>
    <property name="http.nonProxyHosts" value="local|*.local|169.254/16|*.169.254/16"/>
    <property name="user.home" value="/Users/hansthunberg"/>
    <property name="user.timezone" value="Europe/Stockholm"/>
    <property name="java.awt.printerjob" value="sun.lwawt.macosx.CPrinterJob"/>
    <property name="java.specification.version" value="1.7"/>
    <property name="file.encoding" value="US-ASCII"/>
    <property name="user.name" value="hansthunberg"/>
    <property name="java.class.path" value="/Users/hansthunberg/git-views/skltp-probe/mule-probe/target/test-classes:/Users/hansthunberg/git-views/skltp-probe/mule-probe/target/classes:/Users/hansthunberg/.m2/repository/org/soitoolkit/commons/components/soitoolkit-commons-mule/0.6.1/soitoolkit-commons-mule-0.6.1.jar:/Users/hansthunberg/.m2/repository/org/soitoolkit/commons/components/soitoolkit-commons-xml/0.6.1/soitoolkit-commons-xml-0.6.1.jar:/Users/hansthunberg/.m2/repository/org/soitoolkit/commons/components/soitoolkit-commons-schemas/0.6.1/soitoolkit-commons-schemas-0.6.1.jar:/Users/hansthunberg/.m2/repository/org/slf4j/slf4j-api/1.6.1/slf4j-api-1.6.1.jar:/Users/hansthunberg/.m2/repository/org/slf4j/slf4j-log4j12/1.6.1/slf4j-log4j12-1.6.1.jar:/Users/hansthunberg/.m2/repository/log4j/log4j/1.2.16/log4j-1.2.16.jar:/Users/hansthunberg/.m2/repository/org/slf4j/jcl-over-slf4j/1.6.1/jcl-over-slf4j-1.6.1.jar:/Users/hansthunberg/.m2/repository/junit/junit/4.10/junit-4.10.jar:/Users/hansthunberg/.m2/repository/org/hamcrest/hamcrest-core/1.1/hamcrest-core-1.1.jar:/Users/hansthunberg/.m2/repository/xmlunit/xmlunit/1.1/xmlunit-1.1.jar:/Users/hansthunberg/.m2/repository/hsqldb/hsqldb/1.8.0.7/hsqldb-1.8.0.7.jar:/Users/hansthunberg/.m2/repository/org/apache/derby/derbyclient/10.6.2.1/derbyclient-10.6.2.1.jar:/Users/hansthunberg/.m2/repository/org/apache/derby/derby/10.6.2.1/derby-10.6.2.1.jar:/Users/hansthunberg/.m2/repository/org/apache/derby/derbytools/10.6.2.1/derbytools-10.6.2.1.jar:/Users/hansthunberg/.m2/repository/org/mockftpserver/MockFtpServer/2.2/MockFtpServer-2.2.jar:/Users/hansthunberg/.m2/repository/org/apache/sshd/sshd-core/0.6.0/sshd-core-0.6.0.jar:/Users/hansthunberg/.m2/repository/org/apache/mina/mina-core/2.0.2/mina-core-2.0.2.jar:/Users/hansthunberg/.m2/repository/org/jasypt/jasypt/1.8/jasypt-1.8.jar:/Users/hansthunberg/.m2/repository/xerces/xercesImpl/2.9.1/xercesImpl-2.9.1.jar:/Users/hansthunberg/.m2/repository/org/safehaus/jug/jug.osgi/2.0.0/jug.osgi-2.0.0.jar:/Users/hansthunberg/.m2/repository/org/mule/mule-core/3.3.1/mule-core-3.3.1.jar:/Users/hansthunberg/.m2/repository/commons-beanutils/commons-beanutils/1.8.0/commons-beanutils-1.8.0.jar:/Users/hansthunberg/.m2/repository/commons-cli/commons-cli/1.2/commons-cli-1.2.jar:/Users/hansthunberg/.m2/repository/commons-collections/commons-collections/3.2.1/commons-collections-3.2.1.jar:/Users/hansthunberg/.m2/repository/commons-io/commons-io/1.4/commons-io-1.4.jar:/Users/hansthunberg/.m2/repository/commons-lang/commons-lang/2.4/commons-lang-2.4.jar:/Users/hansthunberg/.m2/repository/commons-pool/commons-pool/1.5.3/commons-pool-1.5.3.jar:/Users/hansthunberg/.m2/repository/javax/activation/activation/1.1-osgi/activation-1.1-osgi.jar:/Users/hansthunberg/.m2/repository/org/apache/geronimo/specs/geronimo-jta_1.1_spec/1.1.1/geronimo-jta_1.1_spec-1.1.1.jar:/Users/hansthunberg/.m2/repository/org/apache/geronimo/specs/geronimo-j2ee-connector_1.5_spec/1.1-osgi/geronimo-j2ee-connector_1.5_spec-1.1-osgi.jar:/Users/hansthunberg/.m2/repository/javax/annotation/jsr250-api/1.0/jsr250-api-1.0.jar:/Users/hansthunberg/.m2/repository/asm/asm/3.1/asm-3.1.jar:/Users/hansthunberg/.m2/repository/asm/asm-commons/3.1/asm-commons-3.1.jar:/Users/hansthunberg/.m2/repository/asm/asm-tree/3.1/asm-tree-3.1.jar:/Users/hansthunberg/.m2/repository/org/mvel/mvel2/2.0.19/mvel2-2.0.19.jar:/Users/hansthunberg/.m2/repository/org/jgrapht/jgrapht-jdk1.5/0.7.3/jgrapht-jdk1.5-0.7.3.jar:/Users/hansthunberg/.m2/repository/org/mule/modules/mule-module-spring-config/3.3.1/mule-module-spring-config-3.3.1.jar:/Users/hansthunberg/.m2/repository/org/mule/modules/mule-module-annotations/3.3.1/mule-module-annotations-3.3.1.jar:/Users/hansthunberg/.m2/repository/cglib/cglib-nodep/2.2/cglib-nodep-2.2.jar:/Users/hansthunberg/.m2/repository/org/springframework/spring-context/3.1.1.RELEASE/spring-context-3.1.1.RELEASE.jar:/Users/hansthunberg/.m2/repository/org/springframework/spring-expression/3.1.1.RELEASE/spring-expression-3.1.1.RELEASE.jar:/Users/hansthunberg/.m2/repository/org/springframework/spring-asm/3.1.1.RELEASE/spring-asm-3.1.1.RELEASE.jar:/Users/hansthunberg/.m2/repository/dom4j/dom4j/1.6.1-osgi/dom4j-1.6.1-osgi.jar:/Users/hansthunberg/.m2/repository/jaxen/jaxen/1.1.1/jaxen-1.1.1.jar:/Users/hansthunberg/.m2/repository/jdom/jdom/1.0/jdom-1.0.jar:/Users/hansthunberg/.m2/repository/org/mule/modules/mule-module-jbossts/3.3.1/mule-module-jbossts-3.3.1.jar:/Users/hansthunberg/.m2/repository/org/jboss/jbossts/jbossjta/4.15.0.Final/jbossjta-4.15.0.Final.jar:/Users/hansthunberg/.m2/repository/org/jboss/logging/jboss-logging/3.0.0.Beta5/jboss-logging-3.0.0.Beta5.jar:/Users/hansthunberg/.m2/repository/org/mule/modules/mule-module-scripting/3.3.1/mule-module-scripting-3.3.1.jar:/Users/hansthunberg/.m2/repository/org/springframework/spring-aop/3.1.1.RELEASE/spring-aop-3.1.1.RELEASE.jar:/Users/hansthunberg/.m2/repository/aopalliance/aopalliance/1.0/aopalliance-1.0.jar:/Users/hansthunberg/.m2/repository/org/mule/modules/mule-module-builders/3.3.1/mule-module-builders-3.3.1.jar:/Users/hansthunberg/.m2/repository/org/springframework/spring-web/3.1.1.RELEASE/spring-web-3.1.1.RELEASE.jar:/Users/hansthunberg/.m2/repository/org/livetribe/livetribe-jsr223/2.0.5/livetribe-jsr223-2.0.5.jar:/Users/hansthunberg/.m2/repository/org/codehaus/groovy/groovy-all/1.8.6/groovy-all-1.8.6.jar:/Users/hansthunberg/.m2/repository/org/mule/modules/mule-module-xml/3.3.1/mule-module-xml-3.3.1.jar:/Users/hansthunberg/.m2/repository/org/apache/geronimo/specs/geronimo-stax-api_1.0_spec/1.0.1/geronimo-stax-api_1.0_spec-1.0.1.jar:/Users/hansthunberg/.m2/repository/commons-jxpath/commons-jxpath/1.3-osgi/commons-jxpath-1.3-osgi.jar:/Users/hansthunberg/.m2/repository/com/thoughtworks/xstream/xstream/1.4.2/xstream-1.4.2.jar:/Users/hansthunberg/.m2/repository/xmlpull/xmlpull/1.1.3.1/xmlpull-1.1.3.1.jar:/Users/hansthunberg/.m2/repository/joda-time/joda-time/1.6/joda-time-1.6.jar:/Users/hansthunberg/.m2/repository/xpp3/xpp3_min/1.1.3.4.O-osgi/xpp3_min-1.1.3.4.O-osgi.jar:/Users/hansthunberg/.m2/repository/org/codehaus/woodstox/woodstox-core-asl/4.0.8/woodstox-core-asl-4.0.8.jar:/Users/hansthunberg/.m2/repository/net/java/dev/stax-utils/stax-utils/20080702-osgi/stax-utils-20080702-osgi.jar:/Users/hansthunberg/.m2/repository/net/sf/saxon/saxon/8.9.0.4-osgi/saxon-8.9.0.4-osgi.jar:/Users/hansthunberg/.m2/repository/net/sf/saxon/saxon-dom/8.9.0.4-osgi/saxon-dom-8.9.0.4-osgi.jar:/Users/hansthunberg/.m2/repository/net/sf/saxon/saxon-xqj/8.9.0.4/saxon-xqj-8.9.0.4.jar:/Users/hansthunberg/.m2/repository/javax/xml/bind/jaxb-api/2.1/jaxb-api-2.1.jar:/Users/hansthunberg/.m2/repository/com/sun/xml/bind/jaxb-impl/2.1.5/jaxb-impl-2.1.5.jar:/Users/hansthunberg/.m2/repository/org/mule/modules/mule-module-client/3.3.1/mule-module-client-3.3.1.jar:/Users/hansthunberg/.m2/repository/org/mule/modules/mule-module-launcher/3.3.1/mule-module-launcher-3.3.1.jar:/Users/hansthunberg/.m2/repository/org/mule/modules/mule-module-reboot/3.3.1/mule-module-reboot-3.3.1.jar:/Users/hansthunberg/.m2/repository/tanukisoft/wrapper/3.2.3/wrapper-3.2.3.jar:/Users/hansthunberg/.m2/repository/org/mule/tests/mule-tests-functional/3.3.1/mule-tests-functional-3.3.1.jar:/Users/hansthunberg/.m2/repository/org/springframework/spring-beans/3.1.1.RELEASE/spring-beans-3.1.1.RELEASE.jar:/Users/hansthunberg/.m2/repository/org/mule/mule-core/3.3.1/mule-core-3.3.1-tests.jar:/Users/hansthunberg/.m2/repository/org/safehaus/jug/jug/2.0.0/jug-2.0.0-asl.jar:/Users/hansthunberg/.m2/repository/org/mule/modules/mule-module-json/3.3.1/mule-module-json-3.3.1.jar:/Users/hansthunberg/.m2/repository/org/codehaus/jackson/jackson-core-asl/1.8.0/jackson-core-asl-1.8.0.jar:/Users/hansthunberg/.m2/repository/org/codehaus/jackson/jackson-mapper-asl/1.8.0/jackson-mapper-asl-1.8.0.jar:/Users/hansthunberg/.m2/repository/de/odysseus/staxon/staxon/0.7.0/staxon-0.7.0.jar:/Users/hansthunberg/.m2/repository/org/codehaus/woodstox/stax2-api/3.0.2/stax2-api-3.0.2.jar:/Users/hansthunberg/.m2/repository/javax/xml/stream/stax-api/1.0-2/stax-api-1.0-2.jar:/Users/hansthunberg/.m2/repository/org/mule/modules/mule-module-rest-router/1.2/mule-module-rest-router-1.2.jar:/Users/hansthunberg/.m2/repository/org/mule/tools/devkit/mule-devkit-annotations/3.3.1/mule-devkit-annotations-3.3.1.jar:/Users/hansthunberg/.m2/repository/javax/inject/javax.inject/1/javax.inject-1.jar:/Users/hansthunberg/.m2/repository/javax/validation/validation-api/1.0.0.GA/validation-api-1.0.0.GA.jar:/Users/hansthunberg/.m2/repository/org/mule/transports/mule-transport-vm/3.3.1/mule-transport-vm-3.3.1.jar:/Users/hansthunberg/.m2/repository/org/mule/transports/mule-transport-file/3.3.1/mule-transport-file-3.3.1.jar:/Users/hansthunberg/.m2/repository/org/mule/transports/mule-transport-ftp/3.3.1/mule-transport-ftp-3.3.1.jar:/Users/hansthunberg/.m2/repository/commons-net/commons-net/2.0/commons-net-2.0.jar:/Users/hansthunberg/.m2/repository/oro/oro/2.0.8-osgi/oro-2.0.8-osgi.jar:/Users/hansthunberg/.m2/repository/org/mule/transports/mule-transport-http/3.3.1/mule-transport-http-3.3.1.jar:/Users/hansthunberg/.m2/repository/org/mule/transports/mule-transport-ssl/3.3.1/mule-transport-ssl-3.3.1.jar:/Users/hansthunberg/.m2/repository/commons-codec/commons-codec/1.3-osgi/commons-codec-1.3-osgi.jar:/Users/hansthunberg/.m2/repository/commons-httpclient/commons-httpclient/3.1-osgi/commons-httpclient-3.1-osgi.jar:/Users/hansthunberg/.m2/repository/tomcat/tomcat-util/5.5.23/tomcat-util-5.5.23.jar:/Users/hansthunberg/.m2/repository/tomcat/tomcat-apr/5.5.23/tomcat-apr-5.5.23.jar:/Users/hansthunberg/.m2/repository/org/samba/jcifs/jcifs/1.3.3/jcifs-1.3.3.jar:/Users/hansthunberg/.m2/repository/org/mule/transports/mule-transport-servlet/3.3.1/mule-transport-servlet-3.3.1.jar:/Users/hansthunberg/.m2/repository/org/mule/modules/mule-module-cxf/3.3.1/mule-module-cxf-3.3.1.jar:/Users/hansthunberg/.m2/repository/org/apache/cxf/cxf-rt-core/2.5.1/cxf-rt-core-2.5.1.jar:/Users/hansthunberg/.m2/repository/org/apache/cxf/cxf-api/2.5.1/cxf-api-2.5.1.jar:/Users/hansthunberg/.m2/repository/org/apache/neethi/neethi/3.0.1/neethi-3.0.1.jar:/Users/hansthunberg/.m2/repository/wsdl4j/wsdl4j/1.6.2/wsdl4j-1.6.2.jar:/Users/hansthunberg/.m2/repository/org/apache/ws/xmlschema/xmlschema-core/2.0.1/xmlschema-core-2.0.1.jar:/Users/hansthunberg/.m2/repository/org/apache/cxf/cxf-rt-frontend-simple/2.5.1/cxf-rt-frontend-simple-2.5.1.jar:/Users/hansthunberg/.m2/repository/org/apache/cxf/cxf-rt-bindings-soap/2.5.1/cxf-rt-bindings-soap-2.5.1.jar:/Users/hansthunberg/.m2/repository/org/apache/cxf/cxf-rt-frontend-jaxws/2.5.1/cxf-rt-frontend-jaxws-2.5.1.jar:/Users/hansthunberg/.m2/repository/xml-resolver/xml-resolver/1.2/xml-resolver-1.2.jar:/Users/hansthunberg/.m2/repository/org/apache/cxf/cxf-rt-bindings-xml/2.5.1/cxf-rt-bindings-xml-2.5.1.jar:/Users/hansthunberg/.m2/repository/org/apache/cxf/cxf-rt-databinding-aegis/2.5.1/cxf-rt-databinding-aegis-2.5.1.jar:/Users/hansthunberg/.m2/repository/org/apache/cxf/cxf-rt-databinding-jaxb/2.5.1/cxf-rt-databinding-jaxb-2.5.1.jar:/Users/hansthunberg/.m2/repository/com/sun/xml/bind/jaxb-xjc/2.2.4-1/jaxb-xjc-2.2.4-1.jar:/Users/hansthunberg/.m2/repository/org/apache/cxf/cxf-rt-databinding-jibx/2.5.1/cxf-rt-databinding-jibx-2.5.1.jar:/Users/hansthunberg/.m2/repository/org/apache/cxf/cxf-tools-common/2.5.1/cxf-tools-common-2.5.1.jar:/Users/hansthunberg/.m2/repository/org/jibx/jibx-run/1.2.3/jibx-run-1.2.3.jar:/Users/hansthunberg/.m2/repository/xpp3/xpp3/1.1.3.4.O/xpp3-1.1.3.4.O.jar:/Users/hansthunberg/.m2/repository/org/jibx/jibx-schema/1.2.3/jibx-schema-1.2.3.jar:/Users/hansthunberg/.m2/repository/org/jibx/jibx-extras/1.2.3/jibx-extras-1.2.3.jar:/Users/hansthunberg/.m2/repository/org/jdom/jdom/1.1/jdom-1.1.jar:/Users/hansthunberg/.m2/repository/org/apache/cxf/cxf-rt-transports-local/2.5.1/cxf-rt-transports-local-2.5.1.jar:/Users/hansthunberg/.m2/repository/org/apache/cxf/cxf-rt-ws-security/2.5.1/cxf-rt-ws-security-2.5.1.jar:/Users/hansthunberg/.m2/repository/org/apache/cxf/cxf-common-utilities/2.5.1/cxf-common-utilities-2.5.1.jar:/Users/hansthunberg/.m2/repository/org/apache/ws/security/wss4j/1.6.4/wss4j-1.6.4.jar:/Users/hansthunberg/.m2/repository/org/apache/santuario/xmlsec/1.4.6/xmlsec-1.4.6.jar:/Users/hansthunberg/.m2/repository/org/opensaml/opensaml/2.5.1-1/opensaml-2.5.1-1.jar:/Users/hansthunberg/.m2/repository/org/opensaml/openws/1.4.2-1/openws-1.4.2-1.jar:/Users/hansthunberg/.m2/repository/org/opensaml/xmltooling/1.3.2-1/xmltooling-1.3.2-1.jar:/Users/hansthunberg/.m2/repository/org/apache/cxf/cxf-rt-ws-rm/2.5.1/cxf-rt-ws-rm-2.5.1.jar:/Users/hansthunberg/.m2/repository/org/apache/cxf/cxf-rt-management/2.5.1/cxf-rt-management-2.5.1.jar:/Users/hansthunberg/.m2/repository/org/apache/cxf/cxf-rt-ws-addr/2.5.1/cxf-rt-ws-addr-2.5.1.jar:/Users/hansthunberg/.m2/repository/org/apache/cxf/cxf-rt-transports-http/2.5.1/cxf-rt-transports-http-2.5.1.jar:/Users/hansthunberg/.m2/repository/org/apache/cxf/cxf-rt-transports-common/2.5.1/cxf-rt-transports-common-2.5.1.jar:/Users/hansthunberg/.m2/repository/org/apache/cxf/cxf-wstx-msv-validation/2.5.1/cxf-wstx-msv-validation-2.5.1.jar:/Users/hansthunberg/.m2/repository/net/java/dev/msv/msv-core/2011.1/msv-core-2011.1.jar:/Users/hansthunberg/.m2/repository/com/sun/msv/datatype/xsd/xsdlib/2010.1/xsdlib-2010.1.jar:/Users/hansthunberg/.m2/repository/isorelax/isorelax/20030108/isorelax-20030108.jar:/Users/hansthunberg/.m2/repository/relaxngDatatype/relaxngDatatype/20020414/relaxngDatatype-20020414.jar:/Users/hansthunberg/.m2/repository/com/sun/xml/messaging/saaj/saaj-impl/1.3-osgi/saaj-impl-1.3-osgi.jar:/Users/hansthunberg/.m2/repository/javax/xml/soap/saaj-api/1.3/saaj-api-1.3.jar:/Users/hansthunberg/.m2/repository/org/mule/modules/mule-module-spring-security/3.3.1/mule-module-spring-security-3.3.1.jar:/Users/hansthunberg/.m2/repository/org/mule/modules/mule-module-spring-extras/3.3.1/mule-module-spring-extras-3.3.1.jar:/Users/hansthunberg/.m2/repository/org/springframework/spring-jdbc/3.1.1.RELEASE/spring-jdbc-3.1.1.RELEASE.jar:/Users/hansthunberg/.m2/repository/org/springframework/spring-jms/3.1.1.RELEASE/spring-jms-3.1.1.RELEASE.jar:/Users/hansthunberg/.m2/repository/org/mule/modules/mule-module-management/3.3.1/mule-module-management-3.3.1.jar:/Users/hansthunberg/.m2/repository/mx4j/mx4j-jmx/2.1.1-osgi/mx4j-jmx-2.1.1-osgi.jar:/Users/hansthunberg/.m2/repository/mx4j/mx4j-impl/2.1.1-osgi/mx4j-impl-2.1.1-osgi.jar:/Users/hansthunberg/.m2/repository/mx4j/mx4j-tools/2.1.1-osgi/mx4j-tools-2.1.1-osgi.jar:/Users/hansthunberg/.m2/repository/mx4j/mx4j-remote/2.1.1-osgi/mx4j-remote-2.1.1-osgi.jar:/Users/hansthunberg/.m2/repository/com/yourkit/yjp-controller-api-redist/9.0.8/yjp-controller-api-redist-9.0.8.jar:/Users/hansthunberg/.m2/repository/org/springframework/spring-context-support/3.1.1.RELEASE/spring-context-support-3.1.1.RELEASE.jar:/Users/hansthunberg/.m2/repository/org/springframework/security/spring-security-core/3.1.0.RELEASE/spring-security-core-3.1.0.RELEASE.jar:/Users/hansthunberg/.m2/repository/org/springframework/security/spring-security-crypto/3.1.0.RELEASE/spring-security-crypto-3.1.0.RELEASE.jar:/Users/hansthunberg/.m2/repository/org/springframework/security/spring-security-config/3.1.0.RELEASE/spring-security-config-3.1.0.RELEASE.jar:/Users/hansthunberg/.m2/repository/org/springframework/security/spring-security-web/3.1.0.RELEASE/spring-security-web-3.1.0.RELEASE.jar:/Users/hansthunberg/.m2/repository/org/springframework/spring-tx/3.0.6.RELEASE/spring-tx-3.0.6.RELEASE.jar:/Users/hansthunberg/.m2/repository/org/mortbay/jetty/servlet-api/2.5-20081211/servlet-api-2.5-20081211.jar:/Users/hansthunberg/.m2/repository/org/aspectj/aspectjrt/1.5.4/aspectjrt-1.5.4.jar:/Users/hansthunberg/.m2/repository/org/mule/transports/mule-transport-tcp/3.3.1/mule-transport-tcp-3.3.1.jar:/Users/hansthunberg/.m2/repository/org/apache/geronimo/specs/geronimo-annotation_1.0_spec/1.1.1/geronimo-annotation_1.0_spec-1.1.1.jar:/Users/hansthunberg/.m2/repository/org/springframework/spring-core/3.1.1.RELEASE/spring-core-3.1.1.RELEASE.jar:/Users/hansthunberg/.m2/repository/javax/mail/mail/1.4.3/mail-1.4.3.jar:/Users/hansthunberg/.m2/repository/javax/xml/ws/jaxws-api/2.2.1/jaxws-api-2.2.1.jar:/Users/hansthunberg/.m2/repository/javax/jws/jsr181-api/1.0-MR1/jsr181-api-1.0-MR1.jar:/Users/hansthunberg/.m2/repository/org/apache/ant/ant/1.7.0/ant-1.7.0.jar:/Users/hansthunberg/.m2/repository/org/apache/ant/ant-launcher/1.7.0/ant-launcher-1.7.0.jar:/Users/hansthunberg/.m2/repository/org/mule/modules/mule-module-jersey/3.3.1/mule-module-jersey-3.3.1.jar:/Users/hansthunberg/.m2/repository/org/mule/patterns/mule-pattern-core/3.3.1/mule-pattern-core-3.3.1.jar:/Users/hansthunberg/.m2/repository/com/sun/jersey/jersey-server/1.6/jersey-server-1.6.jar:/Users/hansthunberg/.m2/repository/com/sun/jersey/jersey-core/1.6/jersey-core-1.6.jar:/Users/hansthunberg/.m2/repository/com/sun/jersey/jersey-json/1.6/jersey-json-1.6.jar:/Users/hansthunberg/.m2/repository/org/codehaus/jackson/jackson-xc/1.7.1/jackson-xc-1.7.1.jar:/Users/hansthunberg/.m2/repository/com/sun/jersey/jersey-client/1.6/jersey-client-1.6.jar:/Users/hansthunberg/.m2/repository/org/codehaus/jackson/jackson-jaxrs/1.8.0/jackson-jaxrs-1.8.0.jar:/Users/hansthunberg/.m2/repository/org/mule/transports/mule-transport-jms/3.3.1/mule-transport-jms-3.3.1.jar:/Users/hansthunberg/.m2/repository/org/apache/geronimo/specs/geronimo-jms_1.1_spec/1.1-osgi/geronimo-jms_1.1_spec-1.1-osgi.jar:/Users/hansthunberg/.m2/repository/org/apache/geronimo/specs/geronimo-j2ee-management_1.0_spec/1.1-osgi/geronimo-j2ee-management_1.0_spec-1.1-osgi.jar:/Users/hansthunberg/.m2/repository/org/mule/transports/mule-transport-email/3.3.1/mule-transport-email-3.3.1.jar:/Users/hansthunberg/.m2/repository/org/mule/transports/mule-transport-jdbc/3.3.1/mule-transport-jdbc-3.3.1.jar:/Users/hansthunberg/.m2/repository/commons-dbutils/commons-dbutils/1.2/commons-dbutils-1.2.jar:/Users/hansthunberg/.m2/repository/com/experlog/xapool/1.5.0-osgi/xapool-1.5.0-osgi.jar:/Users/hansthunberg/.m2/repository/org/mule/transports/mule-transport-quartz/3.3.1/mule-transport-quartz-3.3.1.jar:/Users/hansthunberg/.m2/repository/quartz/quartz-all/1.6.6/quartz-all-1.6.6.jar:/Users/hansthunberg/.m2/repository/org/mule/transports/mule-transport-sftp/3.3.1/mule-transport-sftp-3.3.1.jar:/Users/hansthunberg/.m2/repository/com/jcraft/jsch/0.1.44-1/jsch-0.1.44-1.jar:/Users/hansthunberg/.m2/repository/org/mortbay/jetty/servlet-api-2.5/6.1.11/servlet-api-2.5-6.1.11.jar:/Users/hansthunberg/.m2/repository/org/apache/activemq/activemq-core/5.6.0/activemq-core-5.6.0.jar:/Users/hansthunberg/.m2/repository/org/apache/activemq/kahadb/5.6.0/kahadb-5.6.0.jar:/Users/hansthunberg/.m2/repository/org/apache/activemq/protobuf/activemq-protobuf/1.1/activemq-protobuf-1.1.jar:/Users/hansthunberg/.m2/repository/org/osgi/org.osgi.core/4.1.0/org.osgi.core-4.1.0.jar:/Users/hansthunberg/.m2/repository/org/apache/geronimo/specs/geronimo-j2ee-management_1.1_spec/1.0.1/geronimo-j2ee-management_1.1_spec-1.0.1.jar:/Users/hansthunberg/.m2/repository/org/apache/xbean/xbean-spring/3.9/xbean-spring-3.9.jar:/Users/hansthunberg/.m2/repository/commons-logging/commons-logging/1.0.3/commons-logging-1.0.3.jar:/Users/hansthunberg/.m2/repository/org/hornetq/hornetq-core-client/2.2.5.Final/hornetq-core-client-2.2.5.Final.jar:/Users/hansthunberg/.m2/repository/org/hornetq/hornetq-jms/2.2.5.Final/hornetq-jms-2.2.5.Final.jar:/Users/hansthunberg/.m2/repository/org/jboss/netty/netty/3.2.3.Final/netty-3.2.3.Final.jar:/Users/hansthunberg/.m2/repository/commons-dbcp/commons-dbcp/1.4/commons-dbcp-1.4.jar:/Users/hansthunberg/.m2/repository/net/sourceforge/jtds/jtds/1.2.4/jtds-1.2.4.jar:"/>
    <property name="mvel2.compiler.allow_override_all_prophandling" value="true"/>
    <property name="java.vm.specification.version" value="1.7"/>
    <property name="sun.arch.data.model" value="64"/>
    <property name="java.home" value="/Library/Java/JavaVirtualMachines/jdk1.7.0_45.jdk/Contents/Home/jre"/>
    <property name="sun.java.command" value="/var/folders/86/_xr6sshn1hdb0nh58r1vw4g00000gn/T/surefirebooter382383493922941916.jar /var/folders/86/_xr6sshn1hdb0nh58r1vw4g00000gn/T/surefire5443258469596215124tmp /var/folders/86/_xr6sshn1hdb0nh58r1vw4g00000gn/T/surefire611604794662996352tmp"/>
    <property name="java.specification.vendor" value="Oracle Corporation"/>
    <property name="user.language" value="en"/>
    <property name="awt.toolkit" value="sun.lwawt.macosx.LWCToolkit"/>
    <property name="java.vm.info" value="mixed mode"/>
    <property name="java.version" value="1.7.0_45"/>
    <property name="java.ext.dirs" value="/Users/hansthunberg/Library/Java/Extensions:/Library/Java/JavaVirtualMachines/jdk1.7.0_45.jdk/Contents/Home/jre/lib/ext:/Library/Java/Extensions:/Network/Library/Java/Extensions:/System/Library/Java/Extensions:/usr/lib/java"/>
    <property name="sun.boot.class.path" value="/Library/Java/JavaVirtualMachines/jdk1.7.0_45.jdk/Contents/Home/jre/lib/resources.jar:/Library/Java/JavaVirtualMachines/jdk1.7.0_45.jdk/Contents/Home/jre/lib/rt.jar:/Library/Java/JavaVirtualMachines/jdk1.7.0_45.jdk/Contents/Home/jre/lib/sunrsasign.jar:/Library/Java/JavaVirtualMachines/jdk1.7.0_45.jdk/Contents/Home/jre/lib/jsse.jar:/Library/Java/JavaVirtualMachines/jdk1.7.0_45.jdk/Contents/Home/jre/lib/jce.jar:/Library/Java/JavaVirtualMachines/jdk1.7.0_45.jdk/Contents/Home/jre/lib/charsets.jar:/Library/Java/JavaVirtualMachines/jdk1.7.0_45.jdk/Contents/Home/jre/lib/jfr.jar:/Library/Java/JavaVirtualMachines/jdk1.7.0_45.jdk/Contents/Home/jre/lib/JObjC.jar:/Library/Java/JavaVirtualMachines/jdk1.7.0_45.jdk/Contents/Home/jre/classes"/>
    <property name="java.vendor" value="Oracle Corporation"/>
    <property name="org.apache.cxf.Logger" value="org.apache.cxf.common.logging.Log4jLogger"/>
    <property name="localRepository" value="/Users/hansthunberg/.m2/repository"/>
    <property name="file.separator" value="/"/>
    <property name="java.vendor.url.bug" value="http://bugreport.sun.com/bugreport/"/>
    <property name="sun.cpu.endian" value="little"/>
    <property name="sun.io.unicode.encoding" value="UnicodeBig"/>
    <property name="sun.font.fontmanager" value="sun.font.CFontManager"/>
    <property name="socksNonProxyHosts" value="local|*.local|169.254/16|*.169.254/16"/>
    <property name="mule.encoding" value="UTF-8"/>
    <property name="ftp.nonProxyHosts" value="local|*.local|169.254/16|*.169.254/16"/>
    <property name="sun.cpu.isalist" value=""/>
  </properties>
  <testcase time="5.173" classname="se.skltp.components.muleprobe.probeservice.ProbeServiceIntegrationTest" name="probeService_returns_ok"/>
  <testcase time="0.037" classname="se.skltp.components.muleprobe.probeservice.ProbeServiceIntegrationTest" name="probeService_returns_down"/>
  <testcase time="0.039" classname="se.skltp.components.muleprobe.probeservice.ProbeServiceIntegrationTest" name="probeService_returns_error_when_file_is_missing"/>
</testsuite>